Analysis & Synthesis report for FibGenerator
Wed Nov 08 17:07:13 2023
Quartus Prime Version 20.1.1 Build 720 11/11/2020 SJ Lite Edition


---------------------
; Table of Contents ;
---------------------
  1. Legal Notice
  2. Analysis & Synthesis Summary
  3. Analysis & Synthesis Settings
  4. Parallel Compilation
  5. Analysis & Synthesis Source Files Read
  6. Analysis & Synthesis Resource Usage Summary
  7. Analysis & Synthesis Resource Utilization by Entity
  8. General Register Statistics
  9. Inverted Register Statistics
 10. Port Connectivity Checks: "TwoToOneMultiplexer:\GNN_F1:5:MUX_F2"
 11. Port Connectivity Checks: "TwoToOneMultiplexer:\GNN_F1:5:MUX_F1"
 12. Port Connectivity Checks: "TwoToOneMultiplexer:\GNN_F1:4:MUX_F2"
 13. Port Connectivity Checks: "TwoToOneMultiplexer:\GNN_F1:4:MUX_F1"
 14. Port Connectivity Checks: "TwoToOneMultiplexer:\GNN_F1:3:MUX_F2"
 15. Port Connectivity Checks: "TwoToOneMultiplexer:\GNN_F1:3:MUX_F1"
 16. Port Connectivity Checks: "TwoToOneMultiplexer:\GNN_F1:2:MUX_F2"
 17. Port Connectivity Checks: "TwoToOneMultiplexer:\GNN_F1:2:MUX_F1"
 18. Port Connectivity Checks: "TwoToOneMultiplexer:\GNN_F1:1:MUX_F2"
 19. Port Connectivity Checks: "TwoToOneMultiplexer:\GNN_F1:1:MUX_F1"
 20. Port Connectivity Checks: "TwoToOneMultiplexer:MUX_F2"
 21. Port Connectivity Checks: "TwoToOneMultiplexer:MUX_F1"
 22. Port Connectivity Checks: "Register6bit:R_B"
 23. Port Connectivity Checks: "Register6bit:R_A|DFF_JK:\GNN:5:DFF_R"
 24. Port Connectivity Checks: "Register6bit:R_A|DFF_JK:\GNN:4:DFF_R"
 25. Port Connectivity Checks: "Register6bit:R_A|DFF_JK:\GNN:3:DFF_R"
 26. Port Connectivity Checks: "Register6bit:R_A|DFF_JK:\GNN:2:DFF_R"
 27. Port Connectivity Checks: "Register6bit:R_A|DFF_JK:\GNN:1:DFF_R"
 28. Port Connectivity Checks: "Register6bit:R_A|DFF_JK:\GNN:0:DFF_R|INVERTER:INV3"
 29. Port Connectivity Checks: "Register6bit:R_A|DFF_JK:\GNN:0:DFF_R|J_KFF:JKFF_2"
 30. Port Connectivity Checks: "Register6bit:R_A|DFF_JK:\GNN:0:DFF_R"
 31. Port Connectivity Checks: "Register6bit:R_A"
 32. Port Connectivity Checks: "INVERTER:INV2"
 33. Port Connectivity Checks: "INVERTER:INV1"
 34. Port Connectivity Checks: "SIX_BIT_ADDER:SIX_BIT_ADDER_1|FULL_ADDER:FULLADDER0"
 35. Port Connectivity Checks: "SIX_BIT_ADDER:SIX_BIT_ADDER_1"
 36. Port Connectivity Checks: "Clock_Divider:CLOCK_DIV"
 37. Post-Synthesis Netlist Statistics for Top Partition
 38. Elapsed Time Per Partition
 39. Analysis & Synthesis Messages



----------------
; Legal Notice ;
----------------
Copyright (C) 2020  Intel Corporation. All rights reserved.
Your use of Intel Corporation's design tools, logic functions 
and other software and tools, and any partner logic 
functions, and any output files from any of the foregoing 
(including device programming or simulation files), and any 
associated documentation or information are expressly subject 
to the terms and conditions of the Intel Program License 
Subscription Agreement, the Intel Quartus Prime License Agreement,
the Intel FPGA IP License Agreement, or other applicable license
agreement, including, without limitation, that your use is for
the sole purpose of programming logic devices manufactured by
Intel and sold by Intel or its authorized distributors.  Please
refer to the applicable agreement for further details, at
https://fpgasoftware.intel.com/eula.



+----------------------------------------------------------------------------------+
; Analysis & Synthesis Summary                                                     ;
+------------------------------------+---------------------------------------------+
; Analysis & Synthesis Status        ; Successful - Wed Nov 08 17:07:13 2023       ;
; Quartus Prime Version              ; 20.1.1 Build 720 11/11/2020 SJ Lite Edition ;
; Revision Name                      ; FibGenerator                                ;
; Top-level Entity Name              ; FibGenerator                                ;
; Family                             ; MAX 10                                      ;
; Total logic elements               ; 71                                          ;
;     Total combinational functions  ; 71                                          ;
;     Dedicated logic registers      ; 45                                          ;
; Total registers                    ; 45                                          ;
; Total pins                         ; 8                                           ;
; Total virtual pins                 ; 0                                           ;
; Total memory bits                  ; 0                                           ;
; Embedded Multiplier 9-bit elements ; 0                                           ;
; Total PLLs                         ; 0                                           ;
; UFM blocks                         ; 0                                           ;
; ADC blocks                         ; 0                                           ;
+------------------------------------+---------------------------------------------+


+------------------------------------------------------------------------------------------------------------+
; Analysis & Synthesis Settings                                                                              ;
+------------------------------------------------------------------+--------------------+--------------------+
; Option                                                           ; Setting            ; Default Value      ;
+------------------------------------------------------------------+--------------------+--------------------+
; Device                                                           ; 10M08DAF484C8G     ;                    ;
; Top-level entity name                                            ; FibGenerator       ; FibGenerator       ;
; Family name                                                      ; MAX 10             ; Cyclone V          ;
; Use smart compilation                                            ; Off                ; Off                ;
; Enable parallel Assembler and Timing Analyzer during compilation ; On                 ; On                 ;
; Enable compact report table                                      ; Off                ; Off                ;
; Restructure Multiplexers                                         ; Auto               ; Auto               ;
; Create Debugging Nodes for IP Cores                              ; Off                ; Off                ;
; Preserve fewer node names                                        ; On                 ; On                 ;
; Intel FPGA IP Evaluation Mode                                    ; Enable             ; Enable             ;
; Verilog Version                                                  ; Verilog_2001       ; Verilog_2001       ;
; VHDL Version                                                     ; VHDL_1993          ; VHDL_1993          ;
; State Machine Processing                                         ; Auto               ; Auto               ;
; Safe State Machine                                               ; Off                ; Off                ;
; Extract Verilog State Machines                                   ; On                 ; On                 ;
; Extract VHDL State Machines                                      ; On                 ; On                 ;
; Ignore Verilog initial constructs                                ; Off                ; Off                ;
; Iteration limit for constant Verilog loops                       ; 5000               ; 5000               ;
; Iteration limit for non-constant Verilog loops                   ; 250                ; 250                ;
; Add Pass-Through Logic to Inferred RAMs                          ; On                 ; On                 ;
; Infer RAMs from Raw Logic                                        ; On                 ; On                 ;
; Parallel Synthesis                                               ; On                 ; On                 ;
; DSP Block Balancing                                              ; Auto               ; Auto               ;
; NOT Gate Push-Back                                               ; On                 ; On                 ;
; Power-Up Don't Care                                              ; On                 ; On                 ;
; Remove Redundant Logic Cells                                     ; Off                ; Off                ;
; Remove Duplicate Registers                                       ; On                 ; On                 ;
; Ignore CARRY Buffers                                             ; Off                ; Off                ;
; Ignore CASCADE Buffers                                           ; Off                ; Off                ;
; Ignore GLOBAL Buffers                                            ; Off                ; Off                ;
; Ignore ROW GLOBAL Buffers                                        ; Off                ; Off                ;
; Ignore LCELL Buffers                                             ; Off                ; Off                ;
; Ignore SOFT Buffers                                              ; On                 ; On                 ;
; Limit AHDL Integers to 32 Bits                                   ; Off                ; Off                ;
; Optimization Technique                                           ; Balanced           ; Balanced           ;
; Carry Chain Length                                               ; 70                 ; 70                 ;
; Auto Carry Chains                                                ; On                 ; On                 ;
; Auto Open-Drain Pins                                             ; On                 ; On                 ;
; Perform WYSIWYG Primitive Resynthesis                            ; Off                ; Off                ;
; Auto ROM Replacement                                             ; On                 ; On                 ;
; Auto RAM Replacement                                             ; On                 ; On                 ;
; Auto DSP Block Replacement                                       ; On                 ; On                 ;
; Auto Shift Register Replacement                                  ; Auto               ; Auto               ;
; Allow Shift Register Merging across Hierarchies                  ; Auto               ; Auto               ;
; Auto Clock Enable Replacement                                    ; On                 ; On                 ;
; Strict RAM Replacement                                           ; Off                ; Off                ;
; Allow Synchronous Control Signals                                ; On                 ; On                 ;
; Force Use of Synchronous Clear Signals                           ; Off                ; Off                ;
; Auto RAM Block Balancing                                         ; On                 ; On                 ;
; Auto RAM to Logic Cell Conversion                                ; Off                ; Off                ;
; Auto Resource Sharing                                            ; Off                ; Off                ;
; Allow Any RAM Size For Recognition                               ; Off                ; Off                ;
; Allow Any ROM Size For Recognition                               ; Off                ; Off                ;
; Allow Any Shift Register Size For Recognition                    ; Off                ; Off                ;
; Use LogicLock Constraints during Resource Balancing              ; On                 ; On                 ;
; Ignore translate_off and synthesis_off directives                ; Off                ; Off                ;
; Timing-Driven Synthesis                                          ; On                 ; On                 ;
; Report Parameter Settings                                        ; On                 ; On                 ;
; Report Source Assignments                                        ; On                 ; On                 ;
; Report Connectivity Checks                                       ; On                 ; On                 ;
; Ignore Maximum Fan-Out Assignments                               ; Off                ; Off                ;
; Synchronization Register Chain Length                            ; 2                  ; 2                  ;
; Power Optimization During Synthesis                              ; Normal compilation ; Normal compilation ;
; HDL message level                                                ; Level2             ; Level2             ;
; Suppress Register Optimization Related Messages                  ; Off                ; Off                ;
; Number of Removed Registers Reported in Synthesis Report         ; 5000               ; 5000               ;
; Number of Swept Nodes Reported in Synthesis Report               ; 5000               ; 5000               ;
; Number of Inverted Registers Reported in Synthesis Report        ; 100                ; 100                ;
; Clock MUX Protection                                             ; On                 ; On                 ;
; Auto Gated Clock Conversion                                      ; Off                ; Off                ;
; Block Design Naming                                              ; Auto               ; Auto               ;
; SDC constraint protection                                        ; Off                ; Off                ;
; Synthesis Effort                                                 ; Auto               ; Auto               ;
; Shift Register Replacement - Allow Asynchronous Clear Signal     ; On                 ; On                 ;
; Pre-Mapping Resynthesis Optimization                             ; Off                ; Off                ;
; Analysis & Synthesis Message Level                               ; Medium             ; Medium             ;
; Disable Register Merging Across Hierarchies                      ; Auto               ; Auto               ;
; Resource Aware Inference For Block RAM                           ; On                 ; On                 ;
+------------------------------------------------------------------+--------------------+--------------------+


+------------------------------------------+
; Parallel Compilation                     ;
+----------------------------+-------------+
; Processors                 ; Number      ;
+----------------------------+-------------+
; Number detected on machine ; 16          ;
; Maximum allowed            ; 8           ;
;                            ;             ;
; Average used               ; 1.00        ;
; Maximum used               ; 8           ;
;                            ;             ;
; Usage by Processor         ; % Time Used ;
;     Processor 1            ; 100.0%      ;
;     Processors 2-8         ;   0.0%      ;
+----------------------------+-------------+


+-------------------------------------------------------------------------------------------------------------------------------------------------------------------------+
; Analysis & Synthesis Source Files Read                                                                                                                                  ;
+----------------------------------+-----------------+-----------------+----------------------------------------------------------------------------------------+---------+
; File Name with User-Entered Path ; Used in Netlist ; File Type       ; File Name with Absolute Path                                                           ; Library ;
+----------------------------------+-----------------+-----------------+----------------------------------------------------------------------------------------+---------+
; TwoToOneMultiplexer.vhd          ; yes             ; User VHDL File  ; C:/Users/Student/Desktop/22B3914_2023EE114_EndSem/FibGenerator/TwoToOneMultiplexer.vhd ;         ;
; SIX_BIT_ADDER.vhd                ; yes             ; User VHDL File  ; C:/Users/Student/Desktop/22B3914_2023EE114_EndSem/FibGenerator/SIX_BIT_ADDER.vhd       ;         ;
; Register6bit.vhd                 ; yes             ; User VHDL File  ; C:/Users/Student/Desktop/22B3914_2023EE114_EndSem/FibGenerator/Register6bit.vhd        ;         ;
; J_KFF.vhd                        ; yes             ; User VHDL File  ; C:/Users/Student/Desktop/22B3914_2023EE114_EndSem/FibGenerator/J_KFF.vhd               ;         ;
; Gates.vhdl                       ; yes             ; User VHDL File  ; C:/Users/Student/Desktop/22B3914_2023EE114_EndSem/FibGenerator/Gates.vhdl              ;         ;
; FULL_ADDER.vhd                   ; yes             ; User VHDL File  ; C:/Users/Student/Desktop/22B3914_2023EE114_EndSem/FibGenerator/FULL_ADDER.vhd          ;         ;
; FibGenerator.vhd                 ; yes             ; User VHDL File  ; C:/Users/Student/Desktop/22B3914_2023EE114_EndSem/FibGenerator/FibGenerator.vhd        ;         ;
; DFF_JK.vhd                       ; yes             ; User VHDL File  ; C:/Users/Student/Desktop/22B3914_2023EE114_EndSem/FibGenerator/DFF_JK.vhd              ;         ;
; Clock_Divider.vhdl               ; yes             ; User VHDL File  ; C:/Users/Student/Desktop/22B3914_2023EE114_EndSem/FibGenerator/Clock_Divider.vhdl      ;         ;
+----------------------------------+-----------------+-----------------+----------------------------------------------------------------------------------------+---------+


+---------------------------------------------------------+
; Analysis & Synthesis Resource Usage Summary             ;
+---------------------------------------------+-----------+
; Resource                                    ; Usage     ;
+---------------------------------------------+-----------+
; Estimated Total logic elements              ; 71        ;
;                                             ;           ;
; Total combinational functions               ; 71        ;
; Logic element usage by number of LUT inputs ;           ;
;     -- 4 input functions                    ; 18        ;
;     -- 3 input functions                    ; 10        ;
;     -- <=2 input functions                  ; 43        ;
;                                             ;           ;
; Logic elements by mode                      ;           ;
;     -- normal mode                          ; 40        ;
;     -- arithmetic mode                      ; 31        ;
;                                             ;           ;
; Total registers                             ; 45        ;
;     -- Dedicated logic registers            ; 45        ;
;     -- I/O registers                        ; 0         ;
;                                             ;           ;
; I/O pins                                    ; 8         ;
;                                             ;           ;
; Embedded Multiplier 9-bit elements          ; 0         ;
;                                             ;           ;
; Maximum fan-out node                        ; Clk~input ;
; Maximum fan-out                             ; 33        ;
; Total fan-out                               ; 290       ;
; Average fan-out                             ; 2.20      ;
+---------------------------------------------+-----------+


+------------------------------------------------------------------------------------------------------------------------------------------------------------------------------------------------------------------------------------------------------------------------------------------------------------------------------+
; Analysis & Synthesis Resource Utilization by Entity                                                                                                                                                                                                                                                                          ;
+-------------------------------------------+---------------------+---------------------------+-------------+------------+--------------+---------+-----------+------+--------------+------------+----------------------------------------------------------------------------------------+---------------------+--------------+
; Compilation Hierarchy Node                ; Combinational ALUTs ; Dedicated Logic Registers ; Memory Bits ; UFM Blocks ; DSP Elements ; DSP 9x9 ; DSP 18x18 ; Pins ; Virtual Pins ; ADC blocks ; Full Hierarchy Name                                                                    ; Entity Name         ; Library Name ;
+-------------------------------------------+---------------------+---------------------------+-------------+------------+--------------+---------+-----------+------+--------------+------------+----------------------------------------------------------------------------------------+---------------------+--------------+
; |FibGenerator                             ; 71 (0)              ; 45 (0)                    ; 0           ; 0          ; 0            ; 0       ; 0         ; 8    ; 0            ; 0          ; |FibGenerator                                                                          ; FibGenerator        ; work         ;
;    |Clock_Divider:CLOCK_DIV|              ; 51 (51)             ; 33 (33)                   ; 0           ; 0          ; 0            ; 0       ; 0         ; 0    ; 0            ; 0          ; |FibGenerator|Clock_Divider:CLOCK_DIV                                                  ; Clock_Divider       ; work         ;
;    |Register6bit:R_A|                     ; 0 (0)               ; 6 (0)                     ; 0           ; 0          ; 0            ; 0       ; 0         ; 0    ; 0            ; 0          ; |FibGenerator|Register6bit:R_A                                                         ; Register6bit        ; work         ;
;       |DFF_JK:\GNN:0:DFF_R|               ; 0 (0)               ; 1 (0)                     ; 0           ; 0          ; 0            ; 0       ; 0         ; 0    ; 0            ; 0          ; |FibGenerator|Register6bit:R_A|DFF_JK:\GNN:0:DFF_R                                     ; DFF_JK              ; work         ;
;          |J_KFF:JKFF_2|                   ; 0 (0)               ; 1 (1)                     ; 0           ; 0          ; 0            ; 0       ; 0         ; 0    ; 0            ; 0          ; |FibGenerator|Register6bit:R_A|DFF_JK:\GNN:0:DFF_R|J_KFF:JKFF_2                        ; J_KFF               ; work         ;
;       |DFF_JK:\GNN:1:DFF_R|               ; 0 (0)               ; 1 (0)                     ; 0           ; 0          ; 0            ; 0       ; 0         ; 0    ; 0            ; 0          ; |FibGenerator|Register6bit:R_A|DFF_JK:\GNN:1:DFF_R                                     ; DFF_JK              ; work         ;
;          |J_KFF:JKFF_2|                   ; 0 (0)               ; 1 (1)                     ; 0           ; 0          ; 0            ; 0       ; 0         ; 0    ; 0            ; 0          ; |FibGenerator|Register6bit:R_A|DFF_JK:\GNN:1:DFF_R|J_KFF:JKFF_2                        ; J_KFF               ; work         ;
;       |DFF_JK:\GNN:2:DFF_R|               ; 0 (0)               ; 1 (0)                     ; 0           ; 0          ; 0            ; 0       ; 0         ; 0    ; 0            ; 0          ; |FibGenerator|Register6bit:R_A|DFF_JK:\GNN:2:DFF_R                                     ; DFF_JK              ; work         ;
;          |J_KFF:JKFF_2|                   ; 0 (0)               ; 1 (1)                     ; 0           ; 0          ; 0            ; 0       ; 0         ; 0    ; 0            ; 0          ; |FibGenerator|Register6bit:R_A|DFF_JK:\GNN:2:DFF_R|J_KFF:JKFF_2                        ; J_KFF               ; work         ;
;       |DFF_JK:\GNN:3:DFF_R|               ; 0 (0)               ; 1 (0)                     ; 0           ; 0          ; 0            ; 0       ; 0         ; 0    ; 0            ; 0          ; |FibGenerator|Register6bit:R_A|DFF_JK:\GNN:3:DFF_R                                     ; DFF_JK              ; work         ;
;          |J_KFF:JKFF_2|                   ; 0 (0)               ; 1 (1)                     ; 0           ; 0          ; 0            ; 0       ; 0         ; 0    ; 0            ; 0          ; |FibGenerator|Register6bit:R_A|DFF_JK:\GNN:3:DFF_R|J_KFF:JKFF_2                        ; J_KFF               ; work         ;
;       |DFF_JK:\GNN:4:DFF_R|               ; 0 (0)               ; 1 (0)                     ; 0           ; 0          ; 0            ; 0       ; 0         ; 0    ; 0            ; 0          ; |FibGenerator|Register6bit:R_A|DFF_JK:\GNN:4:DFF_R                                     ; DFF_JK              ; work         ;
;          |J_KFF:JKFF_2|                   ; 0 (0)               ; 1 (1)                     ; 0           ; 0          ; 0            ; 0       ; 0         ; 0    ; 0            ; 0          ; |FibGenerator|Register6bit:R_A|DFF_JK:\GNN:4:DFF_R|J_KFF:JKFF_2                        ; J_KFF               ; work         ;
;       |DFF_JK:\GNN:5:DFF_R|               ; 0 (0)               ; 1 (0)                     ; 0           ; 0          ; 0            ; 0       ; 0         ; 0    ; 0            ; 0          ; |FibGenerator|Register6bit:R_A|DFF_JK:\GNN:5:DFF_R                                     ; DFF_JK              ; work         ;
;          |J_KFF:JKFF_2|                   ; 0 (0)               ; 1 (1)                     ; 0           ; 0          ; 0            ; 0       ; 0         ; 0    ; 0            ; 0          ; |FibGenerator|Register6bit:R_A|DFF_JK:\GNN:5:DFF_R|J_KFF:JKFF_2                        ; J_KFF               ; work         ;
;    |Register6bit:R_B|                     ; 0 (0)               ; 6 (0)                     ; 0           ; 0          ; 0            ; 0       ; 0         ; 0    ; 0            ; 0          ; |FibGenerator|Register6bit:R_B                                                         ; Register6bit        ; work         ;
;       |DFF_JK:\GNN:0:DFF_R|               ; 0 (0)               ; 1 (0)                     ; 0           ; 0          ; 0            ; 0       ; 0         ; 0    ; 0            ; 0          ; |FibGenerator|Register6bit:R_B|DFF_JK:\GNN:0:DFF_R                                     ; DFF_JK              ; work         ;
;          |J_KFF:JKFF_2|                   ; 0 (0)               ; 1 (1)                     ; 0           ; 0          ; 0            ; 0       ; 0         ; 0    ; 0            ; 0          ; |FibGenerator|Register6bit:R_B|DFF_JK:\GNN:0:DFF_R|J_KFF:JKFF_2                        ; J_KFF               ; work         ;
;       |DFF_JK:\GNN:1:DFF_R|               ; 0 (0)               ; 1 (0)                     ; 0           ; 0          ; 0            ; 0       ; 0         ; 0    ; 0            ; 0          ; |FibGenerator|Register6bit:R_B|DFF_JK:\GNN:1:DFF_R                                     ; DFF_JK              ; work         ;
;          |J_KFF:JKFF_2|                   ; 0 (0)               ; 1 (1)                     ; 0           ; 0          ; 0            ; 0       ; 0         ; 0    ; 0            ; 0          ; |FibGenerator|Register6bit:R_B|DFF_JK:\GNN:1:DFF_R|J_KFF:JKFF_2                        ; J_KFF               ; work         ;
;       |DFF_JK:\GNN:2:DFF_R|               ; 0 (0)               ; 1 (0)                     ; 0           ; 0          ; 0            ; 0       ; 0         ; 0    ; 0            ; 0          ; |FibGenerator|Register6bit:R_B|DFF_JK:\GNN:2:DFF_R                                     ; DFF_JK              ; work         ;
;          |J_KFF:JKFF_2|                   ; 0 (0)               ; 1 (1)                     ; 0           ; 0          ; 0            ; 0       ; 0         ; 0    ; 0            ; 0          ; |FibGenerator|Register6bit:R_B|DFF_JK:\GNN:2:DFF_R|J_KFF:JKFF_2                        ; J_KFF               ; work         ;
;       |DFF_JK:\GNN:3:DFF_R|               ; 0 (0)               ; 1 (0)                     ; 0           ; 0          ; 0            ; 0       ; 0         ; 0    ; 0            ; 0          ; |FibGenerator|Register6bit:R_B|DFF_JK:\GNN:3:DFF_R                                     ; DFF_JK              ; work         ;
;          |J_KFF:JKFF_2|                   ; 0 (0)               ; 1 (1)                     ; 0           ; 0          ; 0            ; 0       ; 0         ; 0    ; 0            ; 0          ; |FibGenerator|Register6bit:R_B|DFF_JK:\GNN:3:DFF_R|J_KFF:JKFF_2                        ; J_KFF               ; work         ;
;       |DFF_JK:\GNN:4:DFF_R|               ; 0 (0)               ; 1 (0)                     ; 0           ; 0          ; 0            ; 0       ; 0         ; 0    ; 0            ; 0          ; |FibGenerator|Register6bit:R_B|DFF_JK:\GNN:4:DFF_R                                     ; DFF_JK              ; work         ;
;          |J_KFF:JKFF_2|                   ; 0 (0)               ; 1 (1)                     ; 0           ; 0          ; 0            ; 0       ; 0         ; 0    ; 0            ; 0          ; |FibGenerator|Register6bit:R_B|DFF_JK:\GNN:4:DFF_R|J_KFF:JKFF_2                        ; J_KFF               ; work         ;
;       |DFF_JK:\GNN:5:DFF_R|               ; 0 (0)               ; 1 (0)                     ; 0           ; 0          ; 0            ; 0       ; 0         ; 0    ; 0            ; 0          ; |FibGenerator|Register6bit:R_B|DFF_JK:\GNN:5:DFF_R                                     ; DFF_JK              ; work         ;
;          |J_KFF:JKFF_2|                   ; 0 (0)               ; 1 (1)                     ; 0           ; 0          ; 0            ; 0       ; 0         ; 0    ; 0            ; 0          ; |FibGenerator|Register6bit:R_B|DFF_JK:\GNN:5:DFF_R|J_KFF:JKFF_2                        ; J_KFF               ; work         ;
;    |SIX_BIT_ADDER:SIX_BIT_ADDER_1|        ; 8 (0)               ; 0 (0)                     ; 0           ; 0          ; 0            ; 0       ; 0         ; 0    ; 0            ; 0          ; |FibGenerator|SIX_BIT_ADDER:SIX_BIT_ADDER_1                                            ; SIX_BIT_ADDER       ; work         ;
;       |FULL_ADDER:\GNN_A:1:FULLADDER_K|   ; 2 (0)               ; 0 (0)                     ; 0           ; 0          ; 0            ; 0       ; 0         ; 0    ; 0            ; 0          ; |FibGenerator|SIX_BIT_ADDER:SIX_BIT_ADDER_1|FULL_ADDER:\GNN_A:1:FULLADDER_K            ; FULL_ADDER          ; work         ;
;          |OR_2:OR2|                       ; 1 (1)               ; 0 (0)                     ; 0           ; 0          ; 0            ; 0       ; 0         ; 0    ; 0            ; 0          ; |FibGenerator|SIX_BIT_ADDER:SIX_BIT_ADDER_1|FULL_ADDER:\GNN_A:1:FULLADDER_K|OR_2:OR2   ; OR_2                ; work         ;
;          |XOR_2:XOR2|                     ; 1 (1)               ; 0 (0)                     ; 0           ; 0          ; 0            ; 0       ; 0         ; 0    ; 0            ; 0          ; |FibGenerator|SIX_BIT_ADDER:SIX_BIT_ADDER_1|FULL_ADDER:\GNN_A:1:FULLADDER_K|XOR_2:XOR2 ; XOR_2               ; work         ;
;       |FULL_ADDER:\GNN_A:2:FULLADDER_K|   ; 1 (0)               ; 0 (0)                     ; 0           ; 0          ; 0            ; 0       ; 0         ; 0    ; 0            ; 0          ; |FibGenerator|SIX_BIT_ADDER:SIX_BIT_ADDER_1|FULL_ADDER:\GNN_A:2:FULLADDER_K            ; FULL_ADDER          ; work         ;
;          |OR_2:OR2|                       ; 1 (1)               ; 0 (0)                     ; 0           ; 0          ; 0            ; 0       ; 0         ; 0    ; 0            ; 0          ; |FibGenerator|SIX_BIT_ADDER:SIX_BIT_ADDER_1|FULL_ADDER:\GNN_A:2:FULLADDER_K|OR_2:OR2   ; OR_2                ; work         ;
;       |FULL_ADDER:\GNN_A:3:FULLADDER_K|   ; 3 (0)               ; 0 (0)                     ; 0           ; 0          ; 0            ; 0       ; 0         ; 0    ; 0            ; 0          ; |FibGenerator|SIX_BIT_ADDER:SIX_BIT_ADDER_1|FULL_ADDER:\GNN_A:3:FULLADDER_K            ; FULL_ADDER          ; work         ;
;          |AND_2:AND2|                     ; 1 (1)               ; 0 (0)                     ; 0           ; 0          ; 0            ; 0       ; 0         ; 0    ; 0            ; 0          ; |FibGenerator|SIX_BIT_ADDER:SIX_BIT_ADDER_1|FULL_ADDER:\GNN_A:3:FULLADDER_K|AND_2:AND2 ; AND_2               ; work         ;
;          |OR_2:OR2|                       ; 2 (2)               ; 0 (0)                     ; 0           ; 0          ; 0            ; 0       ; 0         ; 0    ; 0            ; 0          ; |FibGenerator|SIX_BIT_ADDER:SIX_BIT_ADDER_1|FULL_ADDER:\GNN_A:3:FULLADDER_K|OR_2:OR2   ; OR_2                ; work         ;
;       |FULL_ADDER:\GNN_A:4:FULLADDER_K|   ; 2 (0)               ; 0 (0)                     ; 0           ; 0          ; 0            ; 0       ; 0         ; 0    ; 0            ; 0          ; |FibGenerator|SIX_BIT_ADDER:SIX_BIT_ADDER_1|FULL_ADDER:\GNN_A:4:FULLADDER_K            ; FULL_ADDER          ; work         ;
;          |OR_2:OR2|                       ; 1 (1)               ; 0 (0)                     ; 0           ; 0          ; 0            ; 0       ; 0         ; 0    ; 0            ; 0          ; |FibGenerator|SIX_BIT_ADDER:SIX_BIT_ADDER_1|FULL_ADDER:\GNN_A:4:FULLADDER_K|OR_2:OR2   ; OR_2                ; work         ;
;          |XOR_2:XOR2|                     ; 1 (1)               ; 0 (0)                     ; 0           ; 0          ; 0            ; 0       ; 0         ; 0    ; 0            ; 0          ; |FibGenerator|SIX_BIT_ADDER:SIX_BIT_ADDER_1|FULL_ADDER:\GNN_A:4:FULLADDER_K|XOR_2:XOR2 ; XOR_2               ; work         ;
;    |TwoToOneMultiplexer:MUX_F1|           ; 1 (0)               ; 0 (0)                     ; 0           ; 0          ; 0            ; 0       ; 0         ; 0    ; 0            ; 0          ; |FibGenerator|TwoToOneMultiplexer:MUX_F1                                               ; TwoToOneMultiplexer ; work         ;
;       |OR_2:OR1|                          ; 1 (1)               ; 0 (0)                     ; 0           ; 0          ; 0            ; 0       ; 0         ; 0    ; 0            ; 0          ; |FibGenerator|TwoToOneMultiplexer:MUX_F1|OR_2:OR1                                      ; OR_2                ; work         ;
;    |TwoToOneMultiplexer:MUX_F2|           ; 1 (0)               ; 0 (0)                     ; 0           ; 0          ; 0            ; 0       ; 0         ; 0    ; 0            ; 0          ; |FibGenerator|TwoToOneMultiplexer:MUX_F2                                               ; TwoToOneMultiplexer ; work         ;
;       |AND_2:AND2|                        ; 1 (1)               ; 0 (0)                     ; 0           ; 0          ; 0            ; 0       ; 0         ; 0    ; 0            ; 0          ; |FibGenerator|TwoToOneMultiplexer:MUX_F2|AND_2:AND2                                    ; AND_2               ; work         ;
;    |TwoToOneMultiplexer:\GNN_F1:1:MUX_F1| ; 1 (0)               ; 0 (0)                     ; 0           ; 0          ; 0            ; 0       ; 0         ; 0    ; 0            ; 0          ; |FibGenerator|TwoToOneMultiplexer:\GNN_F1:1:MUX_F1                                     ; TwoToOneMultiplexer ; work         ;
;       |AND_2:AND2|                        ; 1 (1)               ; 0 (0)                     ; 0           ; 0          ; 0            ; 0       ; 0         ; 0    ; 0            ; 0          ; |FibGenerator|TwoToOneMultiplexer:\GNN_F1:1:MUX_F1|AND_2:AND2                          ; AND_2               ; work         ;
;    |TwoToOneMultiplexer:\GNN_F1:1:MUX_F2| ; 1 (0)               ; 0 (0)                     ; 0           ; 0          ; 0            ; 0       ; 0         ; 0    ; 0            ; 0          ; |FibGenerator|TwoToOneMultiplexer:\GNN_F1:1:MUX_F2                                     ; TwoToOneMultiplexer ; work         ;
;       |AND_2:AND2|                        ; 1 (1)               ; 0 (0)                     ; 0           ; 0          ; 0            ; 0       ; 0         ; 0    ; 0            ; 0          ; |FibGenerator|TwoToOneMultiplexer:\GNN_F1:1:MUX_F2|AND_2:AND2                          ; AND_2               ; work         ;
;    |TwoToOneMultiplexer:\GNN_F1:2:MUX_F1| ; 1 (0)               ; 0 (0)                     ; 0           ; 0          ; 0            ; 0       ; 0         ; 0    ; 0            ; 0          ; |FibGenerator|TwoToOneMultiplexer:\GNN_F1:2:MUX_F1                                     ; TwoToOneMultiplexer ; work         ;
;       |AND_2:AND2|                        ; 1 (1)               ; 0 (0)                     ; 0           ; 0          ; 0            ; 0       ; 0         ; 0    ; 0            ; 0          ; |FibGenerator|TwoToOneMultiplexer:\GNN_F1:2:MUX_F1|AND_2:AND2                          ; AND_2               ; work         ;
;    |TwoToOneMultiplexer:\GNN_F1:2:MUX_F2| ; 1 (0)               ; 0 (0)                     ; 0           ; 0          ; 0            ; 0       ; 0         ; 0    ; 0            ; 0          ; |FibGenerator|TwoToOneMultiplexer:\GNN_F1:2:MUX_F2                                     ; TwoToOneMultiplexer ; work         ;
;       |AND_2:AND2|                        ; 1 (1)               ; 0 (0)                     ; 0           ; 0          ; 0            ; 0       ; 0         ; 0    ; 0            ; 0          ; |FibGenerator|TwoToOneMultiplexer:\GNN_F1:2:MUX_F2|AND_2:AND2                          ; AND_2               ; work         ;
;    |TwoToOneMultiplexer:\GNN_F1:3:MUX_F1| ; 1 (0)               ; 0 (0)                     ; 0           ; 0          ; 0            ; 0       ; 0         ; 0    ; 0            ; 0          ; |FibGenerator|TwoToOneMultiplexer:\GNN_F1:3:MUX_F1                                     ; TwoToOneMultiplexer ; work         ;
;       |AND_2:AND2|                        ; 1 (1)               ; 0 (0)                     ; 0           ; 0          ; 0            ; 0       ; 0         ; 0    ; 0            ; 0          ; |FibGenerator|TwoToOneMultiplexer:\GNN_F1:3:MUX_F1|AND_2:AND2                          ; AND_2               ; work         ;
;    |TwoToOneMultiplexer:\GNN_F1:3:MUX_F2| ; 1 (0)               ; 0 (0)                     ; 0           ; 0          ; 0            ; 0       ; 0         ; 0    ; 0            ; 0          ; |FibGenerator|TwoToOneMultiplexer:\GNN_F1:3:MUX_F2                                     ; TwoToOneMultiplexer ; work         ;
;       |AND_2:AND2|                        ; 1 (1)               ; 0 (0)                     ; 0           ; 0          ; 0            ; 0       ; 0         ; 0    ; 0            ; 0          ; |FibGenerator|TwoToOneMultiplexer:\GNN_F1:3:MUX_F2|AND_2:AND2                          ; AND_2               ; work         ;
;    |TwoToOneMultiplexer:\GNN_F1:4:MUX_F1| ; 1 (0)               ; 0 (0)                     ; 0           ; 0          ; 0            ; 0       ; 0         ; 0    ; 0            ; 0          ; |FibGenerator|TwoToOneMultiplexer:\GNN_F1:4:MUX_F1                                     ; TwoToOneMultiplexer ; work         ;
;       |AND_2:AND2|                        ; 1 (1)               ; 0 (0)                     ; 0           ; 0          ; 0            ; 0       ; 0         ; 0    ; 0            ; 0          ; |FibGenerator|TwoToOneMultiplexer:\GNN_F1:4:MUX_F1|AND_2:AND2                          ; AND_2               ; work         ;
;    |TwoToOneMultiplexer:\GNN_F1:4:MUX_F2| ; 1 (0)               ; 0 (0)                     ; 0           ; 0          ; 0            ; 0       ; 0         ; 0    ; 0            ; 0          ; |FibGenerator|TwoToOneMultiplexer:\GNN_F1:4:MUX_F2                                     ; TwoToOneMultiplexer ; work         ;
;       |AND_2:AND2|                        ; 1 (1)               ; 0 (0)                     ; 0           ; 0          ; 0            ; 0       ; 0         ; 0    ; 0            ; 0          ; |FibGenerator|TwoToOneMultiplexer:\GNN_F1:4:MUX_F2|AND_2:AND2                          ; AND_2               ; work         ;
;    |TwoToOneMultiplexer:\GNN_F1:5:MUX_F1| ; 1 (0)               ; 0 (0)                     ; 0           ; 0          ; 0            ; 0       ; 0         ; 0    ; 0            ; 0          ; |FibGenerator|TwoToOneMultiplexer:\GNN_F1:5:MUX_F1                                     ; TwoToOneMultiplexer ; work         ;
;       |AND_2:AND2|                        ; 1 (1)               ; 0 (0)                     ; 0           ; 0          ; 0            ; 0       ; 0         ; 0    ; 0            ; 0          ; |FibGenerator|TwoToOneMultiplexer:\GNN_F1:5:MUX_F1|AND_2:AND2                          ; AND_2               ; work         ;
;    |TwoToOneMultiplexer:\GNN_F1:5:MUX_F2| ; 1 (0)               ; 0 (0)                     ; 0           ; 0          ; 0            ; 0       ; 0         ; 0    ; 0            ; 0          ; |FibGenerator|TwoToOneMultiplexer:\GNN_F1:5:MUX_F2                                     ; TwoToOneMultiplexer ; work         ;
;       |AND_2:AND2|                        ; 1 (1)               ; 0 (0)                     ; 0           ; 0          ; 0            ; 0       ; 0         ; 0    ; 0            ; 0          ; |FibGenerator|TwoToOneMultiplexer:\GNN_F1:5:MUX_F2|AND_2:AND2                          ; AND_2               ; work         ;
+-------------------------------------------+---------------------+---------------------------+-------------+------------+--------------+---------+-----------+------+--------------+------------+----------------------------------------------------------------------------------------+---------------------+--------------+
Note: For table entries with two numbers listed, the numbers in parentheses indicate the number of resources of the given type used by the specific entity alone. The numbers listed outside of parentheses indicate the total resources of the given type used by the specific entity and all of its sub-entities in the hierarchy.


+------------------------------------------------------+
; General Register Statistics                          ;
+----------------------------------------------+-------+
; Statistic                                    ; Value ;
+----------------------------------------------+-------+
; Total registers                              ; 45    ;
; Number of registers using Synchronous Clear  ; 0     ;
; Number of registers using Synchronous Load   ; 0     ;
; Number of registers using Asynchronous Clear ; 0     ;
; Number of registers using Asynchronous Load  ; 0     ;
; Number of registers using Clock Enable       ; 0     ;
; Number of registers using Preset             ; 0     ;
+----------------------------------------------+-------+


+-----------------------------------------------------+
; Inverted Register Statistics                        ;
+-------------------------------------------+---------+
; Inverted Register                         ; Fan out ;
+-------------------------------------------+---------+
; Clock_Divider:CLOCK_DIV|\CLKDIV:count[0]  ; 2       ;
; Clock_Divider:CLOCK_DIV|\CLKDIV:count[31] ; 2       ;
; Total number of inverted registers = 2    ;         ;
+-------------------------------------------+---------+


+------------------------------------------------------------------+
; Port Connectivity Checks: "TwoToOneMultiplexer:\GNN_F1:5:MUX_F2" ;
+------+-------+----------+----------------------------------------+
; Port ; Type  ; Severity ; Details                                ;
+------+-------+----------+----------------------------------------+
; i1   ; Input ; Info     ; Stuck at GND                           ;
+------+-------+----------+----------------------------------------+


+------------------------------------------------------------------+
; Port Connectivity Checks: "TwoToOneMultiplexer:\GNN_F1:5:MUX_F1" ;
+------+-------+----------+----------------------------------------+
; Port ; Type  ; Severity ; Details                                ;
+------+-------+----------+----------------------------------------+
; i1   ; Input ; Info     ; Stuck at GND                           ;
+------+-------+----------+----------------------------------------+


+------------------------------------------------------------------+
; Port Connectivity Checks: "TwoToOneMultiplexer:\GNN_F1:4:MUX_F2" ;
+------+-------+----------+----------------------------------------+
; Port ; Type  ; Severity ; Details                                ;
+------+-------+----------+----------------------------------------+
; i1   ; Input ; Info     ; Stuck at GND                           ;
+------+-------+----------+----------------------------------------+


+------------------------------------------------------------------+
; Port Connectivity Checks: "TwoToOneMultiplexer:\GNN_F1:4:MUX_F1" ;
+------+-------+----------+----------------------------------------+
; Port ; Type  ; Severity ; Details                                ;
+------+-------+----------+----------------------------------------+
; i1   ; Input ; Info     ; Stuck at GND                           ;
+------+-------+----------+----------------------------------------+


+------------------------------------------------------------------+
; Port Connectivity Checks: "TwoToOneMultiplexer:\GNN_F1:3:MUX_F2" ;
+------+-------+----------+----------------------------------------+
; Port ; Type  ; Severity ; Details                                ;
+------+-------+----------+----------------------------------------+
; i1   ; Input ; Info     ; Stuck at GND                           ;
+------+-------+----------+----------------------------------------+


+------------------------------------------------------------------+
; Port Connectivity Checks: "TwoToOneMultiplexer:\GNN_F1:3:MUX_F1" ;
+------+-------+----------+----------------------------------------+
; Port ; Type  ; Severity ; Details                                ;
+------+-------+----------+----------------------------------------+
; i1   ; Input ; Info     ; Stuck at GND                           ;
+------+-------+----------+----------------------------------------+


+------------------------------------------------------------------+
; Port Connectivity Checks: "TwoToOneMultiplexer:\GNN_F1:2:MUX_F2" ;
+------+-------+----------+----------------------------------------+
; Port ; Type  ; Severity ; Details                                ;
+------+-------+----------+----------------------------------------+
; i1   ; Input ; Info     ; Stuck at GND                           ;
+------+-------+----------+----------------------------------------+


+------------------------------------------------------------------+
; Port Connectivity Checks: "TwoToOneMultiplexer:\GNN_F1:2:MUX_F1" ;
+------+-------+----------+----------------------------------------+
; Port ; Type  ; Severity ; Details                                ;
+------+-------+----------+----------------------------------------+
; i1   ; Input ; Info     ; Stuck at GND                           ;
+------+-------+----------+----------------------------------------+


+------------------------------------------------------------------+
; Port Connectivity Checks: "TwoToOneMultiplexer:\GNN_F1:1:MUX_F2" ;
+------+-------+----------+----------------------------------------+
; Port ; Type  ; Severity ; Details                                ;
+------+-------+----------+----------------------------------------+
; i1   ; Input ; Info     ; Stuck at GND                           ;
+------+-------+----------+----------------------------------------+


+------------------------------------------------------------------+
; Port Connectivity Checks: "TwoToOneMultiplexer:\GNN_F1:1:MUX_F1" ;
+------+-------+----------+----------------------------------------+
; Port ; Type  ; Severity ; Details                                ;
+------+-------+----------+----------------------------------------+
; i1   ; Input ; Info     ; Stuck at GND                           ;
+------+-------+----------+----------------------------------------+


+--------------------------------------------------------+
; Port Connectivity Checks: "TwoToOneMultiplexer:MUX_F2" ;
+------+-------+----------+------------------------------+
; Port ; Type  ; Severity ; Details                      ;
+------+-------+----------+------------------------------+
; i1   ; Input ; Info     ; Stuck at GND                 ;
+------+-------+----------+------------------------------+


+--------------------------------------------------------+
; Port Connectivity Checks: "TwoToOneMultiplexer:MUX_F1" ;
+------+-------+----------+------------------------------+
; Port ; Type  ; Severity ; Details                      ;
+------+-------+----------+------------------------------+
; i1   ; Input ; Info     ; Stuck at VCC                 ;
+------+-------+----------+------------------------------+


+----------------------------------------------+
; Port Connectivity Checks: "Register6bit:R_B" ;
+-------+-------+----------+-------------------+
; Port  ; Type  ; Severity ; Details           ;
+-------+-------+----------+-------------------+
; reset ; Input ; Info     ; Stuck at GND      ;
+-------+-------+----------+-------------------+


+------------------------------------------------------------------------------------------------------------------+
; Port Connectivity Checks: "Register6bit:R_A|DFF_JK:\GNN:5:DFF_R"                                                 ;
+--------+--------+----------+-------------------------------------------------------------------------------------+
; Port   ; Type   ; Severity ; Details                                                                             ;
+--------+--------+----------+-------------------------------------------------------------------------------------+
; enable ; Input  ; Info     ; Stuck at VCC                                                                        ;
; preset ; Input  ; Info     ; Stuck at GND                                                                        ;
; reset  ; Input  ; Info     ; Stuck at GND                                                                        ;
; qbar   ; Output ; Info     ; Connected to dangling logic. Logic that only feeds a dangling port will be removed. ;
+--------+--------+----------+-------------------------------------------------------------------------------------+


+------------------------------------------------------------------------------------------------------------------+
; Port Connectivity Checks: "Register6bit:R_A|DFF_JK:\GNN:4:DFF_R"                                                 ;
+--------+--------+----------+-------------------------------------------------------------------------------------+
; Port   ; Type   ; Severity ; Details                                                                             ;
+--------+--------+----------+-------------------------------------------------------------------------------------+
; enable ; Input  ; Info     ; Stuck at VCC                                                                        ;
; preset ; Input  ; Info     ; Stuck at GND                                                                        ;
; reset  ; Input  ; Info     ; Stuck at GND                                                                        ;
; qbar   ; Output ; Info     ; Connected to dangling logic. Logic that only feeds a dangling port will be removed. ;
+--------+--------+----------+-------------------------------------------------------------------------------------+


+------------------------------------------------------------------------------------------------------------------+
; Port Connectivity Checks: "Register6bit:R_A|DFF_JK:\GNN:3:DFF_R"                                                 ;
+--------+--------+----------+-------------------------------------------------------------------------------------+
; Port   ; Type   ; Severity ; Details                                                                             ;
+--------+--------+----------+-------------------------------------------------------------------------------------+
; enable ; Input  ; Info     ; Stuck at VCC                                                                        ;
; preset ; Input  ; Info     ; Stuck at GND                                                                        ;
; reset  ; Input  ; Info     ; Stuck at GND                                                                        ;
; qbar   ; Output ; Info     ; Connected to dangling logic. Logic that only feeds a dangling port will be removed. ;
+--------+--------+----------+-------------------------------------------------------------------------------------+


+------------------------------------------------------------------------------------------------------------------+
; Port Connectivity Checks: "Register6bit:R_A|DFF_JK:\GNN:2:DFF_R"                                                 ;
+--------+--------+----------+-------------------------------------------------------------------------------------+
; Port   ; Type   ; Severity ; Details                                                                             ;
+--------+--------+----------+-------------------------------------------------------------------------------------+
; enable ; Input  ; Info     ; Stuck at VCC                                                                        ;
; preset ; Input  ; Info     ; Stuck at GND                                                                        ;
; reset  ; Input  ; Info     ; Stuck at GND                                                                        ;
; qbar   ; Output ; Info     ; Connected to dangling logic. Logic that only feeds a dangling port will be removed. ;
+--------+--------+----------+-------------------------------------------------------------------------------------+


+------------------------------------------------------------------------------------------------------------------+
; Port Connectivity Checks: "Register6bit:R_A|DFF_JK:\GNN:1:DFF_R"                                                 ;
+--------+--------+----------+-------------------------------------------------------------------------------------+
; Port   ; Type   ; Severity ; Details                                                                             ;
+--------+--------+----------+-------------------------------------------------------------------------------------+
; enable ; Input  ; Info     ; Stuck at VCC                                                                        ;
; preset ; Input  ; Info     ; Stuck at GND                                                                        ;
; reset  ; Input  ; Info     ; Stuck at GND                                                                        ;
; qbar   ; Output ; Info     ; Connected to dangling logic. Logic that only feeds a dangling port will be removed. ;
+--------+--------+----------+-------------------------------------------------------------------------------------+


+----------------------------------------------------------------------------------------------------------------+
; Port Connectivity Checks: "Register6bit:R_A|DFF_JK:\GNN:0:DFF_R|INVERTER:INV3"                                 ;
+------+--------+----------+-------------------------------------------------------------------------------------+
; Port ; Type   ; Severity ; Details                                                                             ;
+------+--------+----------+-------------------------------------------------------------------------------------+
; y    ; Output ; Info     ; Connected to dangling logic. Logic that only feeds a dangling port will be removed. ;
+------+--------+----------+-------------------------------------------------------------------------------------+


+----------------------------------------------------------------------------------------------------------------+
; Port Connectivity Checks: "Register6bit:R_A|DFF_JK:\GNN:0:DFF_R|J_KFF:JKFF_2"                                  ;
+------+--------+----------+-------------------------------------------------------------------------------------+
; Port ; Type   ; Severity ; Details                                                                             ;
+------+--------+----------+-------------------------------------------------------------------------------------+
; qbar ; Output ; Info     ; Connected to dangling logic. Logic that only feeds a dangling port will be removed. ;
+------+--------+----------+-------------------------------------------------------------------------------------+


+------------------------------------------------------------------------------------------------------------------+
; Port Connectivity Checks: "Register6bit:R_A|DFF_JK:\GNN:0:DFF_R"                                                 ;
+--------+--------+----------+-------------------------------------------------------------------------------------+
; Port   ; Type   ; Severity ; Details                                                                             ;
+--------+--------+----------+-------------------------------------------------------------------------------------+
; enable ; Input  ; Info     ; Stuck at VCC                                                                        ;
; preset ; Input  ; Info     ; Stuck at GND                                                                        ;
; reset  ; Input  ; Info     ; Stuck at GND                                                                        ;
; qbar   ; Output ; Info     ; Connected to dangling logic. Logic that only feeds a dangling port will be removed. ;
+--------+--------+----------+-------------------------------------------------------------------------------------+


+----------------------------------------------+
; Port Connectivity Checks: "Register6bit:R_A" ;
+-------+-------+----------+-------------------+
; Port  ; Type  ; Severity ; Details           ;
+-------+-------+----------+-------------------+
; reset ; Input ; Info     ; Stuck at GND      ;
+-------+-------+----------+-------------------+


+----------------------------------------------------------------------------------------------------------------+
; Port Connectivity Checks: "INVERTER:INV2"                                                                      ;
+------+--------+----------+-------------------------------------------------------------------------------------+
; Port ; Type   ; Severity ; Details                                                                             ;
+------+--------+----------+-------------------------------------------------------------------------------------+
; y    ; Output ; Info     ; Connected to dangling logic. Logic that only feeds a dangling port will be removed. ;
+------+--------+----------+-------------------------------------------------------------------------------------+


+----------------------------------------------------------------------------------------------------------------+
; Port Connectivity Checks: "INVERTER:INV1"                                                                      ;
+------+--------+----------+-------------------------------------------------------------------------------------+
; Port ; Type   ; Severity ; Details                                                                             ;
+------+--------+----------+-------------------------------------------------------------------------------------+
; y    ; Output ; Info     ; Connected to dangling logic. Logic that only feeds a dangling port will be removed. ;
+------+--------+----------+-------------------------------------------------------------------------------------+


+---------------------------------------------------------------------------------+
; Port Connectivity Checks: "SIX_BIT_ADDER:SIX_BIT_ADDER_1|FULL_ADDER:FULLADDER0" ;
+------+-------+----------+-------------------------------------------------------+
; Port ; Type  ; Severity ; Details                                               ;
+------+-------+----------+-------------------------------------------------------+
; cin  ; Input ; Info     ; Stuck at GND                                          ;
+------+-------+----------+-------------------------------------------------------+


+----------------------------------------------------------------------------------------------------------------+
; Port Connectivity Checks: "SIX_BIT_ADDER:SIX_BIT_ADDER_1"                                                      ;
+------+--------+----------+-------------------------------------------------------------------------------------+
; Port ; Type   ; Severity ; Details                                                                             ;
+------+--------+----------+-------------------------------------------------------------------------------------+
; cout ; Output ; Info     ; Connected to dangling logic. Logic that only feeds a dangling port will be removed. ;
+------+--------+----------+-------------------------------------------------------------------------------------+


+-----------------------------------------------------+
; Port Connectivity Checks: "Clock_Divider:CLOCK_DIV" ;
+-------+-------+----------+--------------------------+
; Port  ; Type  ; Severity ; Details                  ;
+-------+-------+----------+--------------------------+
; reset ; Input ; Info     ; Stuck at GND             ;
+-------+-------+----------+--------------------------+


+-----------------------------------------------------+
; Post-Synthesis Netlist Statistics for Top Partition ;
+-----------------------+-----------------------------+
; Type                  ; Count                       ;
+-----------------------+-----------------------------+
; boundary_port         ; 8                           ;
; cycloneiii_ff         ; 45                          ;
;     plain             ; 45                          ;
; cycloneiii_lcell_comb ; 77                          ;
;     arith             ; 31                          ;
;         2 data inputs ; 31                          ;
;     normal            ; 46                          ;
;         1 data inputs ; 8                           ;
;         2 data inputs ; 10                          ;
;         3 data inputs ; 10                          ;
;         4 data inputs ; 18                          ;
;                       ;                             ;
; Max LUT depth         ; 5.10                        ;
; Average LUT depth     ; 3.34                        ;
+-----------------------+-----------------------------+


+-------------------------------+
; Elapsed Time Per Partition    ;
+----------------+--------------+
; Partition Name ; Elapsed Time ;
+----------------+--------------+
; Top            ; 00:00:00     ;
+----------------+--------------+


+-------------------------------+
; Analysis & Synthesis Messages ;
+-------------------------------+
Info: *******************************************************************
Info: Running Quartus Prime Analysis & Synthesis
    Info: Version 20.1.1 Build 720 11/11/2020 SJ Lite Edition
    Info: Processing started: Wed Nov 08 17:07:07 2023
Info: Command: quartus_map --read_settings_files=on --write_settings_files=off FibGenerator -c FibGenerator
Warning (18236): Number of processors has not been specified which may cause overloading on shared machines.  Set the global assignment NUM_PARALLEL_PROCESSORS in your QSF to an appropriate value for best performance.
Info (20030): Parallel compilation is enabled and will use 8 of the 8 processors detected
Info (12021): Found 2 design units, including 1 entities, in source file twotoonemultiplexer.vhd
    Info (12022): Found design unit 1: TwoToOneMultiplexer-Structure File: C:/Users/Student/Desktop/22B3914_2023EE114_EndSem/FibGenerator/TwoToOneMultiplexer.vhd Line: 11
    Info (12023): Found entity 1: TwoToOneMultiplexer File: C:/Users/Student/Desktop/22B3914_2023EE114_EndSem/FibGenerator/TwoToOneMultiplexer.vhd Line: 7
Info (12021): Found 2 design units, including 1 entities, in source file testbench.vhdl
    Info (12022): Found design unit 1: Testbench-Struct File: C:/Users/Student/Desktop/22B3914_2023EE114_EndSem/FibGenerator/Testbench.vhdl Line: 8
    Info (12023): Found entity 1: Testbench File: C:/Users/Student/Desktop/22B3914_2023EE114_EndSem/FibGenerator/Testbench.vhdl Line: 5
Info (12021): Found 2 design units, including 1 entities, in source file six_bit_adder.vhd
    Info (12022): Found design unit 1: SIX_BIT_ADDER-Structure File: C:/Users/Student/Desktop/22B3914_2023EE114_EndSem/FibGenerator/SIX_BIT_ADDER.vhd Line: 11
    Info (12023): Found entity 1: SIX_BIT_ADDER File: C:/Users/Student/Desktop/22B3914_2023EE114_EndSem/FibGenerator/SIX_BIT_ADDER.vhd Line: 7
Info (12021): Found 2 design units, including 1 entities, in source file register6bit.vhd
    Info (12022): Found design unit 1: Register6bit-BHV_R File: C:/Users/Student/Desktop/22B3914_2023EE114_EndSem/FibGenerator/Register6bit.vhd Line: 12
    Info (12023): Found entity 1: Register6bit File: C:/Users/Student/Desktop/22B3914_2023EE114_EndSem/FibGenerator/Register6bit.vhd Line: 6
Info (12021): Found 2 design units, including 1 entities, in source file j_kff.vhd
    Info (12022): Found design unit 1: J_KFF-BHV File: C:/Users/Student/Desktop/22B3914_2023EE114_EndSem/FibGenerator/J_KFF.vhd Line: 8
    Info (12023): Found entity 1: J_KFF File: C:/Users/Student/Desktop/22B3914_2023EE114_EndSem/FibGenerator/J_KFF.vhd Line: 4
Info (12021): Found 17 design units, including 8 entities, in source file gates.vhdl
    Info (12022): Found design unit 1: Gates File: C:/Users/Student/Desktop/22B3914_2023EE114_EndSem/FibGenerator/Gates.vhdl Line: 3
    Info (12022): Found design unit 2: INVERTER-Equations File: C:/Users/Student/Desktop/22B3914_2023EE114_EndSem/FibGenerator/Gates.vhdl Line: 45
    Info (12022): Found design unit 3: AND_2-Equations File: C:/Users/Student/Desktop/22B3914_2023EE114_EndSem/FibGenerator/Gates.vhdl Line: 57
    Info (12022): Found design unit 4: NAND_2-Equations File: C:/Users/Student/Desktop/22B3914_2023EE114_EndSem/FibGenerator/Gates.vhdl Line: 68
    Info (12022): Found design unit 5: OR_2-Equations File: C:/Users/Student/Desktop/22B3914_2023EE114_EndSem/FibGenerator/Gates.vhdl Line: 79
    Info (12022): Found design unit 6: NOR_2-Equations File: C:/Users/Student/Desktop/22B3914_2023EE114_EndSem/FibGenerator/Gates.vhdl Line: 90
    Info (12022): Found design unit 7: XOR_2-Equations File: C:/Users/Student/Desktop/22B3914_2023EE114_EndSem/FibGenerator/Gates.vhdl Line: 102
    Info (12022): Found design unit 8: XNOR_2-Equations File: C:/Users/Student/Desktop/22B3914_2023EE114_EndSem/FibGenerator/Gates.vhdl Line: 113
    Info (12022): Found design unit 9: HALF_ADDER-Equations File: C:/Users/Student/Desktop/22B3914_2023EE114_EndSem/FibGenerator/Gates.vhdl Line: 124
    Info (12023): Found entity 1: INVERTER File: C:/Users/Student/Desktop/22B3914_2023EE114_EndSem/FibGenerator/Gates.vhdl Line: 41
    Info (12023): Found entity 2: AND_2 File: C:/Users/Student/Desktop/22B3914_2023EE114_EndSem/FibGenerator/Gates.vhdl Line: 53
    Info (12023): Found entity 3: NAND_2 File: C:/Users/Student/Desktop/22B3914_2023EE114_EndSem/FibGenerator/Gates.vhdl Line: 64
    Info (12023): Found entity 4: OR_2 File: C:/Users/Student/Desktop/22B3914_2023EE114_EndSem/FibGenerator/Gates.vhdl Line: 75
    Info (12023): Found entity 5: NOR_2 File: C:/Users/Student/Desktop/22B3914_2023EE114_EndSem/FibGenerator/Gates.vhdl Line: 86
    Info (12023): Found entity 6: XOR_2 File: C:/Users/Student/Desktop/22B3914_2023EE114_EndSem/FibGenerator/Gates.vhdl Line: 98
    Info (12023): Found entity 7: XNOR_2 File: C:/Users/Student/Desktop/22B3914_2023EE114_EndSem/FibGenerator/Gates.vhdl Line: 109
    Info (12023): Found entity 8: HALF_ADDER File: C:/Users/Student/Desktop/22B3914_2023EE114_EndSem/FibGenerator/Gates.vhdl Line: 120
Info (12021): Found 2 design units, including 1 entities, in source file full_adder.vhd
    Info (12022): Found design unit 1: FULL_ADDER-Struct File: C:/Users/Student/Desktop/22B3914_2023EE114_EndSem/FibGenerator/FULL_ADDER.vhd Line: 12
    Info (12023): Found entity 1: FULL_ADDER File: C:/Users/Student/Desktop/22B3914_2023EE114_EndSem/FibGenerator/FULL_ADDER.vhd Line: 8
Info (12021): Found 2 design units, including 1 entities, in source file fibgenerator.vhd
    Info (12022): Found design unit 1: FibGenerator-BHV File: C:/Users/Student/Desktop/22B3914_2023EE114_EndSem/FibGenerator/FibGenerator.vhd Line: 12
    Info (12023): Found entity 1: FibGenerator File: C:/Users/Student/Desktop/22B3914_2023EE114_EndSem/FibGenerator/FibGenerator.vhd Line: 7
Info (12021): Found 2 design units, including 1 entities, in source file dff_jk.vhd
    Info (12022): Found design unit 1: DFF_JK-BHV File: C:/Users/Student/Desktop/22B3914_2023EE114_EndSem/FibGenerator/DFF_JK.vhd Line: 11
    Info (12023): Found entity 1: DFF_JK File: C:/Users/Student/Desktop/22B3914_2023EE114_EndSem/FibGenerator/DFF_JK.vhd Line: 7
Info (12021): Found 2 design units, including 1 entities, in source file clock_divider.vhdl
    Info (12022): Found design unit 1: Clock_Divider-Struct File: C:/Users/Student/Desktop/22B3914_2023EE114_EndSem/FibGenerator/Clock_Divider.vhdl Line: 10
    Info (12023): Found entity 1: Clock_Divider File: C:/Users/Student/Desktop/22B3914_2023EE114_EndSem/FibGenerator/Clock_Divider.vhdl Line: 4
Info (12127): Elaborating entity "FibGenerator" for the top level hierarchy
Warning (10036): Verilog HDL or VHDL warning at FibGenerator.vhd(35): object "ResetBar" assigned a value but never read File: C:/Users/Student/Desktop/22B3914_2023EE114_EndSem/FibGenerator/FibGenerator.vhd Line: 35
Warning (10036): Verilog HDL or VHDL warning at FibGenerator.vhd(35): object "Temp" assigned a value but never read File: C:/Users/Student/Desktop/22B3914_2023EE114_EndSem/FibGenerator/FibGenerator.vhd Line: 35
Warning (10036): Verilog HDL or VHDL warning at FibGenerator.vhd(35): object "NotClock" assigned a value but never read File: C:/Users/Student/Desktop/22B3914_2023EE114_EndSem/FibGenerator/FibGenerator.vhd Line: 35
Info (12128): Elaborating entity "Clock_Divider" for hierarchy "Clock_Divider:CLOCK_DIV" File: C:/Users/Student/Desktop/22B3914_2023EE114_EndSem/FibGenerator/FibGenerator.vhd Line: 39
Info (12128): Elaborating entity "SIX_BIT_ADDER" for hierarchy "SIX_BIT_ADDER:SIX_BIT_ADDER_1" File: C:/Users/Student/Desktop/22B3914_2023EE114_EndSem/FibGenerator/FibGenerator.vhd Line: 41
Info (12128): Elaborating entity "FULL_ADDER" for hierarchy "SIX_BIT_ADDER:SIX_BIT_ADDER_1|FULL_ADDER:FULLADDER0" File: C:/Users/Student/Desktop/22B3914_2023EE114_EndSem/FibGenerator/SIX_BIT_ADDER.vhd Line: 19
Info (12128): Elaborating entity "XOR_2" for hierarchy "SIX_BIT_ADDER:SIX_BIT_ADDER_1|FULL_ADDER:FULLADDER0|XOR_2:XOR1" File: C:/Users/Student/Desktop/22B3914_2023EE114_EndSem/FibGenerator/FULL_ADDER.vhd Line: 17
Info (12128): Elaborating entity "OR_2" for hierarchy "SIX_BIT_ADDER:SIX_BIT_ADDER_1|FULL_ADDER:FULLADDER0|OR_2:OR1" File: C:/Users/Student/Desktop/22B3914_2023EE114_EndSem/FibGenerator/FULL_ADDER.vhd Line: 23
Info (12128): Elaborating entity "AND_2" for hierarchy "SIX_BIT_ADDER:SIX_BIT_ADDER_1|FULL_ADDER:FULLADDER0|AND_2:AND1" File: C:/Users/Student/Desktop/22B3914_2023EE114_EndSem/FibGenerator/FULL_ADDER.vhd Line: 25
Info (12128): Elaborating entity "INVERTER" for hierarchy "INVERTER:INV1" File: C:/Users/Student/Desktop/22B3914_2023EE114_EndSem/FibGenerator/FibGenerator.vhd Line: 43
Info (12128): Elaborating entity "Register6bit" for hierarchy "Register6bit:R_A" File: C:/Users/Student/Desktop/22B3914_2023EE114_EndSem/FibGenerator/FibGenerator.vhd Line: 48
Warning (10036): Verilog HDL or VHDL warning at Register6bit.vhd(18): object "D_OUT_BAR" assigned a value but never read File: C:/Users/Student/Desktop/22B3914_2023EE114_EndSem/FibGenerator/Register6bit.vhd Line: 18
Info (12128): Elaborating entity "DFF_JK" for hierarchy "Register6bit:R_A|DFF_JK:\GNN:0:DFF_R" File: C:/Users/Student/Desktop/22B3914_2023EE114_EndSem/FibGenerator/Register6bit.vhd Line: 23
Warning (10036): Verilog HDL or VHDL warning at DFF_JK.vhd(15): object "RBAR" assigned a value but never read File: C:/Users/Student/Desktop/22B3914_2023EE114_EndSem/FibGenerator/DFF_JK.vhd Line: 15
Warning (10036): Verilog HDL or VHDL warning at DFF_JK.vhd(15): object "RESETBAR" assigned a value but never read File: C:/Users/Student/Desktop/22B3914_2023EE114_EndSem/FibGenerator/DFF_JK.vhd Line: 15
Info (12128): Elaborating entity "J_KFF" for hierarchy "Register6bit:R_A|DFF_JK:\GNN:0:DFF_R|J_KFF:JKFF_2" File: C:/Users/Student/Desktop/22B3914_2023EE114_EndSem/FibGenerator/DFF_JK.vhd Line: 19
Info (12128): Elaborating entity "NOR_2" for hierarchy "Register6bit:R_A|NOR_2:\GNN:0:NOR_1" File: C:/Users/Student/Desktop/22B3914_2023EE114_EndSem/FibGenerator/Register6bit.vhd Line: 25
Info (12128): Elaborating entity "TwoToOneMultiplexer" for hierarchy "TwoToOneMultiplexer:MUX_F1" File: C:/Users/Student/Desktop/22B3914_2023EE114_EndSem/FibGenerator/FibGenerator.vhd Line: 55
Info (286030): Timing-Driven Synthesis is running
Info (16010): Generating hard_block partition "hard_block:auto_generated_inst"
    Info (16011): Adding 0 node(s), including 0 DDIO, 0 PLL, 0 transceiver and 0 LCELL
Info (21057): Implemented 79 device resources after synthesis - the final resource count might be different
    Info (21058): Implemented 2 input pins
    Info (21059): Implemented 6 output pins
    Info (21061): Implemented 71 logic cells
Info: Quartus Prime Analysis & Synthesis was successful. 0 errors, 7 warnings
    Info: Peak virtual memory: 4817 megabytes
    Info: Processing ended: Wed Nov 08 17:07:13 2023
    Info: Elapsed time: 00:00:06
    Info: Total CPU time (on all processors): 00:00:16


