Analysis & Synthesis report for ClockDivider2
Fri Oct 13 16:33:37 2023
Quartus Prime Version 20.1.1 Build 720 11/11/2020 SJ Lite Edition


---------------------
; Table of Contents ;
---------------------
  1. Legal Notice
  2. Analysis & Synthesis Summary
  3. Analysis & Synthesis Settings
  4. Parallel Compilation
  5. Analysis & Synthesis Source Files Read
  6. Analysis & Synthesis Resource Usage Summary
  7. Analysis & Synthesis Resource Utilization by Entity
  8. User-Specified and Inferred Latches
  9. Logic Cells Representing Combinational Loops
 10. General Register Statistics
 11. Multiplexer Restructuring Statistics (Restructuring Performed)
 12. Post-Synthesis Netlist Statistics for Top Partition
 13. Elapsed Time Per Partition
 14. Analysis & Synthesis Messages



----------------
; Legal Notice ;
----------------
Copyright (C) 2020  Intel Corporation. All rights reserved.
Your use of Intel Corporation's design tools, logic functions 
and other software and tools, and any partner logic 
functions, and any output files from any of the foregoing 
(including device programming or simulation files), and any 
associated documentation or information are expressly subject 
to the terms and conditions of the Intel Program License 
Subscription Agreement, the Intel Quartus Prime License Agreement,
the Intel FPGA IP License Agreement, or other applicable license
agreement, including, without limitation, that your use is for
the sole purpose of programming logic devices manufactured by
Intel and sold by Intel or its authorized distributors.  Please
refer to the applicable agreement for further details, at
https://fpgasoftware.intel.com/eula.



+----------------------------------------------------------------------------------+
; Analysis & Synthesis Summary                                                     ;
+------------------------------------+---------------------------------------------+
; Analysis & Synthesis Status        ; Successful - Fri Oct 13 16:33:37 2023       ;
; Quartus Prime Version              ; 20.1.1 Build 720 11/11/2020 SJ Lite Edition ;
; Revision Name                      ; ClockDivider2                               ;
; Top-level Entity Name              ; DUT                                         ;
; Family                             ; MAX 10                                      ;
; Total logic elements               ; 47                                          ;
;     Total combinational functions  ; 47                                          ;
;     Dedicated logic registers      ; 0                                           ;
; Total registers                    ; 0                                           ;
; Total pins                         ; 3                                           ;
; Total virtual pins                 ; 0                                           ;
; Total memory bits                  ; 0                                           ;
; Embedded Multiplier 9-bit elements ; 0                                           ;
; Total PLLs                         ; 0                                           ;
; UFM blocks                         ; 0                                           ;
; ADC blocks                         ; 0                                           ;
+------------------------------------+---------------------------------------------+


+------------------------------------------------------------------------------------------------------------+
; Analysis & Synthesis Settings                                                                              ;
+------------------------------------------------------------------+--------------------+--------------------+
; Option                                                           ; Setting            ; Default Value      ;
+------------------------------------------------------------------+--------------------+--------------------+
; Device                                                           ; 10M08DAF484C8G     ;                    ;
; Top-level entity name                                            ; DUT                ; ClockDivider2      ;
; Family name                                                      ; MAX 10             ; Cyclone V          ;
; Use smart compilation                                            ; Off                ; Off                ;
; Enable parallel Assembler and Timing Analyzer during compilation ; On                 ; On                 ;
; Enable compact report table                                      ; Off                ; Off                ;
; Restructure Multiplexers                                         ; Auto               ; Auto               ;
; Create Debugging Nodes for IP Cores                              ; Off                ; Off                ;
; Preserve fewer node names                                        ; On                 ; On                 ;
; Intel FPGA IP Evaluation Mode                                    ; Enable             ; Enable             ;
; Verilog Version                                                  ; Verilog_2001       ; Verilog_2001       ;
; VHDL Version                                                     ; VHDL_1993          ; VHDL_1993          ;
; State Machine Processing                                         ; Auto               ; Auto               ;
; Safe State Machine                                               ; Off                ; Off                ;
; Extract Verilog State Machines                                   ; On                 ; On                 ;
; Extract VHDL State Machines                                      ; On                 ; On                 ;
; Ignore Verilog initial constructs                                ; Off                ; Off                ;
; Iteration limit for constant Verilog loops                       ; 5000               ; 5000               ;
; Iteration limit for non-constant Verilog loops                   ; 250                ; 250                ;
; Add Pass-Through Logic to Inferred RAMs                          ; On                 ; On                 ;
; Infer RAMs from Raw Logic                                        ; On                 ; On                 ;
; Parallel Synthesis                                               ; On                 ; On                 ;
; DSP Block Balancing                                              ; Auto               ; Auto               ;
; NOT Gate Push-Back                                               ; On                 ; On                 ;
; Power-Up Don't Care                                              ; On                 ; On                 ;
; Remove Redundant Logic Cells                                     ; Off                ; Off                ;
; Remove Duplicate Registers                                       ; On                 ; On                 ;
; Ignore CARRY Buffers                                             ; Off                ; Off                ;
; Ignore CASCADE Buffers                                           ; Off                ; Off                ;
; Ignore GLOBAL Buffers                                            ; Off                ; Off                ;
; Ignore ROW GLOBAL Buffers                                        ; Off                ; Off                ;
; Ignore LCELL Buffers                                             ; Off                ; Off                ;
; Ignore SOFT Buffers                                              ; On                 ; On                 ;
; Limit AHDL Integers to 32 Bits                                   ; Off                ; Off                ;
; Optimization Technique                                           ; Balanced           ; Balanced           ;
; Carry Chain Length                                               ; 70                 ; 70                 ;
; Auto Carry Chains                                                ; On                 ; On                 ;
; Auto Open-Drain Pins                                             ; On                 ; On                 ;
; Perform WYSIWYG Primitive Resynthesis                            ; Off                ; Off                ;
; Auto ROM Replacement                                             ; On                 ; On                 ;
; Auto RAM Replacement                                             ; On                 ; On                 ;
; Auto DSP Block Replacement                                       ; On                 ; On                 ;
; Auto Shift Register Replacement                                  ; Auto               ; Auto               ;
; Allow Shift Register Merging across Hierarchies                  ; Auto               ; Auto               ;
; Auto Clock Enable Replacement                                    ; On                 ; On                 ;
; Strict RAM Replacement                                           ; Off                ; Off                ;
; Allow Synchronous Control Signals                                ; On                 ; On                 ;
; Force Use of Synchronous Clear Signals                           ; Off                ; Off                ;
; Auto RAM Block Balancing                                         ; On                 ; On                 ;
; Auto RAM to Logic Cell Conversion                                ; Off                ; Off                ;
; Auto Resource Sharing                                            ; Off                ; Off                ;
; Allow Any RAM Size For Recognition                               ; Off                ; Off                ;
; Allow Any ROM Size For Recognition                               ; Off                ; Off                ;
; Allow Any Shift Register Size For Recognition                    ; Off                ; Off                ;
; Use LogicLock Constraints during Resource Balancing              ; On                 ; On                 ;
; Ignore translate_off and synthesis_off directives                ; Off                ; Off                ;
; Timing-Driven Synthesis                                          ; On                 ; On                 ;
; Report Parameter Settings                                        ; On                 ; On                 ;
; Report Source Assignments                                        ; On                 ; On                 ;
; Report Connectivity Checks                                       ; On                 ; On                 ;
; Ignore Maximum Fan-Out Assignments                               ; Off                ; Off                ;
; Synchronization Register Chain Length                            ; 2                  ; 2                  ;
; Power Optimization During Synthesis                              ; Normal compilation ; Normal compilation ;
; HDL message level                                                ; Level2             ; Level2             ;
; Suppress Register Optimization Related Messages                  ; Off                ; Off                ;
; Number of Removed Registers Reported in Synthesis Report         ; 5000               ; 5000               ;
; Number of Swept Nodes Reported in Synthesis Report               ; 5000               ; 5000               ;
; Number of Inverted Registers Reported in Synthesis Report        ; 100                ; 100                ;
; Clock MUX Protection                                             ; On                 ; On                 ;
; Auto Gated Clock Conversion                                      ; Off                ; Off                ;
; Block Design Naming                                              ; Auto               ; Auto               ;
; SDC constraint protection                                        ; Off                ; Off                ;
; Synthesis Effort                                                 ; Auto               ; Auto               ;
; Shift Register Replacement - Allow Asynchronous Clear Signal     ; On                 ; On                 ;
; Pre-Mapping Resynthesis Optimization                             ; Off                ; Off                ;
; Analysis & Synthesis Message Level                               ; Medium             ; Medium             ;
; Disable Register Merging Across Hierarchies                      ; Auto               ; Auto               ;
; Resource Aware Inference For Block RAM                           ; On                 ; On                 ;
+------------------------------------------------------------------+--------------------+--------------------+


+------------------------------------------+
; Parallel Compilation                     ;
+----------------------------+-------------+
; Processors                 ; Number      ;
+----------------------------+-------------+
; Number detected on machine ; 16          ;
; Maximum allowed            ; 8           ;
;                            ;             ;
; Average used               ; 1.00        ;
; Maximum used               ; 1           ;
;                            ;             ;
; Usage by Processor         ; % Time Used ;
;     Processor 1            ; 100.0%      ;
+----------------------------+-------------+


+-------------------------------------------------------------------------------------------------------------------------------------------------------+
; Analysis & Synthesis Source Files Read                                                                                                                ;
+----------------------------------+-----------------+-----------------+----------------------------------------------------------------------+---------+
; File Name with User-Entered Path ; Used in Netlist ; File Type       ; File Name with Absolute Path                                         ; Library ;
+----------------------------------+-----------------+-----------------+----------------------------------------------------------------------+---------+
; HalfHertzClock.vhd               ; yes             ; User VHDL File  ; C:/Users/Acer/Documents/EE214/Week8/ClockDivider2/HalfHertzClock.vhd ;         ;
; DUT.vhdl                         ; yes             ; User VHDL File  ; C:/Users/Acer/Documents/EE214/Week8/ClockDivider2/DUT.vhdl           ;         ;
+----------------------------------+-----------------+-----------------+----------------------------------------------------------------------+---------+


+----------------------------------------------------------------------------------------+
; Analysis & Synthesis Resource Usage Summary                                            ;
+---------------------------------------------+------------------------------------------+
; Resource                                    ; Usage                                    ;
+---------------------------------------------+------------------------------------------+
; Estimated Total logic elements              ; 47                                       ;
;                                             ;                                          ;
; Total combinational functions               ; 47                                       ;
; Logic element usage by number of LUT inputs ;                                          ;
;     -- 4 input functions                    ; 11                                       ;
;     -- 3 input functions                    ; 34                                       ;
;     -- <=2 input functions                  ; 2                                        ;
;                                             ;                                          ;
; Logic elements by mode                      ;                                          ;
;     -- normal mode                          ; 17                                       ;
;     -- arithmetic mode                      ; 30                                       ;
;                                             ;                                          ;
; Total registers                             ; 0                                        ;
;     -- Dedicated logic registers            ; 0                                        ;
;     -- I/O registers                        ; 0                                        ;
;                                             ;                                          ;
; I/O pins                                    ; 3                                        ;
;                                             ;                                          ;
; Embedded Multiplier 9-bit elements          ; 0                                        ;
;                                             ;                                          ;
; Maximum fan-out node                        ; HalfHertzClock:add_instance|count[30]~68 ;
; Maximum fan-out                             ; 29                                       ;
; Total fan-out                               ; 153                                      ;
; Average fan-out                             ; 2.89                                     ;
+---------------------------------------------+------------------------------------------+


+----------------------------------------------------------------------------------------------------------------------------------------------------------------------------------------------------------------------------------------------------------+
; Analysis & Synthesis Resource Utilization by Entity                                                                                                                                                                                                      ;
+----------------------------------+---------------------+---------------------------+-------------+------------+--------------+---------+-----------+------+--------------+------------+----------------------------------+----------------+--------------+
; Compilation Hierarchy Node       ; Combinational ALUTs ; Dedicated Logic Registers ; Memory Bits ; UFM Blocks ; DSP Elements ; DSP 9x9 ; DSP 18x18 ; Pins ; Virtual Pins ; ADC blocks ; Full Hierarchy Name              ; Entity Name    ; Library Name ;
+----------------------------------+---------------------+---------------------------+-------------+------------+--------------+---------+-----------+------+--------------+------------+----------------------------------+----------------+--------------+
; |DUT                             ; 47 (0)              ; 0 (0)                     ; 0           ; 0          ; 0            ; 0       ; 0         ; 3    ; 0            ; 0          ; |DUT                             ; DUT            ; work         ;
;    |HalfHertzClock:add_instance| ; 47 (47)             ; 0 (0)                     ; 0           ; 0          ; 0            ; 0       ; 0         ; 0    ; 0            ; 0          ; |DUT|HalfHertzClock:add_instance ; HalfHertzClock ; work         ;
+----------------------------------+---------------------+---------------------------+-------------+------------+--------------+---------+-----------+------+--------------+------------+----------------------------------+----------------+--------------+
Note: For table entries with two numbers listed, the numbers in parentheses indicate the number of resources of the given type used by the specific entity alone. The numbers listed outside of parentheses indicate the total resources of the given type used by the specific entity and all of its sub-entities in the hierarchy.


+-------------------------------------------------------------------------------------------------------------------+
; User-Specified and Inferred Latches                                                                               ;
+----------------------------------------------------+-------------------------------------+------------------------+
; Latch Name                                         ; Latch Enable Signal                 ; Free of Timing Hazards ;
+----------------------------------------------------+-------------------------------------+------------------------+
; HalfHertzClock:add_instance|tempOP                 ; HalfHertzClock:add_instance|count~1 ; yes                    ;
; Number of user-specified and inferred latches = 1  ;                                     ;                        ;
+----------------------------------------------------+-------------------------------------+------------------------+
Note: All latches listed above may not be present at the end of synthesis due to various synthesis optimizations.


+-------------------------------------------------------------+
; Logic Cells Representing Combinational Loops                ;
+--------------------------------------------------------+----+
; Logic Cell Name                                        ;    ;
+--------------------------------------------------------+----+
; HalfHertzClock:add_instance|count~32                   ;    ;
; HalfHertzClock:add_instance|Add0~0                     ;    ;
; HalfHertzClock:add_instance|count~33                   ;    ;
; HalfHertzClock:add_instance|count~34                   ;    ;
; HalfHertzClock:add_instance|count~35                   ;    ;
; HalfHertzClock:add_instance|count~36                   ;    ;
; HalfHertzClock:add_instance|count~37                   ;    ;
; HalfHertzClock:add_instance|count~38                   ;    ;
; HalfHertzClock:add_instance|count~39                   ;    ;
; HalfHertzClock:add_instance|count~40                   ;    ;
; HalfHertzClock:add_instance|count~41                   ;    ;
; HalfHertzClock:add_instance|count~42                   ;    ;
; HalfHertzClock:add_instance|count~43                   ;    ;
; HalfHertzClock:add_instance|count~44                   ;    ;
; HalfHertzClock:add_instance|count~45                   ;    ;
; HalfHertzClock:add_instance|count~46                   ;    ;
; HalfHertzClock:add_instance|count~47                   ;    ;
; HalfHertzClock:add_instance|count~48                   ;    ;
; HalfHertzClock:add_instance|count~49                   ;    ;
; HalfHertzClock:add_instance|count~50                   ;    ;
; HalfHertzClock:add_instance|count~51                   ;    ;
; HalfHertzClock:add_instance|count~52                   ;    ;
; HalfHertzClock:add_instance|count~53                   ;    ;
; HalfHertzClock:add_instance|count~54                   ;    ;
; HalfHertzClock:add_instance|count~55                   ;    ;
; HalfHertzClock:add_instance|count~56                   ;    ;
; HalfHertzClock:add_instance|count~57                   ;    ;
; HalfHertzClock:add_instance|count~58                   ;    ;
; HalfHertzClock:add_instance|count~59                   ;    ;
; HalfHertzClock:add_instance|count~60                   ;    ;
; HalfHertzClock:add_instance|count~61                   ;    ;
; HalfHertzClock:add_instance|count~62                   ;    ;
; HalfHertzClock:add_instance|count~63                   ;    ;
; Number of logic cells representing combinational loops ; 33 ;
+--------------------------------------------------------+----+
Note: All cells listed above may not be present at the end of synthesis due to various synthesis optimizations.


+------------------------------------------------------+
; General Register Statistics                          ;
+----------------------------------------------+-------+
; Statistic                                    ; Value ;
+----------------------------------------------+-------+
; Total registers                              ; 0     ;
; Number of registers using Synchronous Clear  ; 0     ;
; Number of registers using Synchronous Load   ; 0     ;
; Number of registers using Asynchronous Clear ; 0     ;
; Number of registers using Asynchronous Load  ; 0     ;
; Number of registers using Clock Enable       ; 0     ;
; Number of registers using Preset             ; 0     ;
+----------------------------------------------+-------+


+----------------------------------------------------------------------------------------------------------------------------------------------------------+
; Multiplexer Restructuring Statistics (Restructuring Performed)                                                                                           ;
+--------------------+-----------+---------------+----------------------+------------------------+------------+--------------------------------------------+
; Multiplexer Inputs ; Bus Width ; Baseline Area ; Area if Restructured ; Saving if Restructured ; Registered ; Example Multiplexer Output                 ;
+--------------------+-----------+---------------+----------------------+------------------------+------------+--------------------------------------------+
; 3:1                ; 32 bits   ; 64 LEs        ; 32 LEs               ; 32 LEs                 ; No         ; |DUT|HalfHertzClock:add_instance|count[30] ;
+--------------------+-----------+---------------+----------------------+------------------------+------------+--------------------------------------------+


+-----------------------------------------------------+
; Post-Synthesis Netlist Statistics for Top Partition ;
+-----------------------+-----------------------------+
; Type                  ; Count                       ;
+-----------------------+-----------------------------+
; boundary_port         ; 3                           ;
; cycloneiii_lcell_comb ; 47                          ;
;     arith             ; 30                          ;
;         3 data inputs ; 30                          ;
;     normal            ; 17                          ;
;         1 data inputs ; 1                           ;
;         2 data inputs ; 1                           ;
;         3 data inputs ; 4                           ;
;         4 data inputs ; 11                          ;
;                       ;                             ;
; Max LUT depth         ; 6.00                        ;
; Average LUT depth     ; 4.24                        ;
+-----------------------+-----------------------------+


+-------------------------------+
; Elapsed Time Per Partition    ;
+----------------+--------------+
; Partition Name ; Elapsed Time ;
+----------------+--------------+
; Top            ; 00:00:00     ;
+----------------+--------------+


+-------------------------------+
; Analysis & Synthesis Messages ;
+-------------------------------+
Info: *******************************************************************
Info: Running Quartus Prime Analysis & Synthesis
    Info: Version 20.1.1 Build 720 11/11/2020 SJ Lite Edition
    Info: Processing started: Fri Oct 13 16:33:31 2023
Info: Command: quartus_map --read_settings_files=on --write_settings_files=off ClockDivider2 -c ClockDivider2
Warning (18236): Number of processors has not been specified which may cause overloading on shared machines.  Set the global assignment NUM_PARALLEL_PROCESSORS in your QSF to an appropriate value for best performance.
Info (20030): Parallel compilation is enabled and will use 8 of the 8 processors detected
Info (12021): Found 2 design units, including 1 entities, in source file toplevel.vhdl
    Info (12022): Found design unit 1: TopLevel-Struct File: C:/Users/Acer/Documents/EE214/Week8/ClockDivider2/TopLevel.vhdl Line: 13
    Info (12023): Found entity 1: TopLevel File: C:/Users/Acer/Documents/EE214/Week8/ClockDivider2/TopLevel.vhdl Line: 5
Info (12021): Found 2 design units, including 1 entities, in source file testbench.vhdl
    Info (12022): Found design unit 1: TestBench-Behave File: C:/Users/Acer/Documents/EE214/Week8/ClockDivider2/Testbench.vhdl Line: 7
    Info (12023): Found entity 1: TestBench File: C:/Users/Acer/Documents/EE214/Week8/ClockDivider2/Testbench.vhdl Line: 5
Info (12021): Found 2 design units, including 1 entities, in source file led.vhd
    Info (12022): Found design unit 1: led-light File: C:/Users/Acer/Documents/EE214/Week8/ClockDivider2/led.vhd Line: 10
    Info (12023): Found entity 1: led File: C:/Users/Acer/Documents/EE214/Week8/ClockDivider2/led.vhd Line: 5
Info (12021): Found 2 design units, including 1 entities, in source file halfhertzclock.vhd
    Info (12022): Found design unit 1: HalfHertzClock-bhv File: C:/Users/Acer/Documents/EE214/Week8/ClockDivider2/HalfHertzClock.vhd Line: 11
    Info (12023): Found entity 1: HalfHertzClock File: C:/Users/Acer/Documents/EE214/Week8/ClockDivider2/HalfHertzClock.vhd Line: 5
Info (12021): Found 17 design units, including 8 entities, in source file gates.vhdl
    Info (12022): Found design unit 1: Gates File: C:/Users/Acer/Documents/EE214/Week8/ClockDivider2/Gates.vhdl Line: 3
    Info (12022): Found design unit 2: INVERTER-Equations File: C:/Users/Acer/Documents/EE214/Week8/ClockDivider2/Gates.vhdl Line: 45
    Info (12022): Found design unit 3: AND_2-Equations File: C:/Users/Acer/Documents/EE214/Week8/ClockDivider2/Gates.vhdl Line: 57
    Info (12022): Found design unit 4: NAND_2-Equations File: C:/Users/Acer/Documents/EE214/Week8/ClockDivider2/Gates.vhdl Line: 68
    Info (12022): Found design unit 5: OR_2-Equations File: C:/Users/Acer/Documents/EE214/Week8/ClockDivider2/Gates.vhdl Line: 79
    Info (12022): Found design unit 6: NOR_2-Equations File: C:/Users/Acer/Documents/EE214/Week8/ClockDivider2/Gates.vhdl Line: 90
    Info (12022): Found design unit 7: XOR_2-Equations File: C:/Users/Acer/Documents/EE214/Week8/ClockDivider2/Gates.vhdl Line: 102
    Info (12022): Found design unit 8: XNOR_2-Equations File: C:/Users/Acer/Documents/EE214/Week8/ClockDivider2/Gates.vhdl Line: 113
    Info (12022): Found design unit 9: HALF_ADDER-Equations File: C:/Users/Acer/Documents/EE214/Week8/ClockDivider2/Gates.vhdl Line: 124
    Info (12023): Found entity 1: INVERTER File: C:/Users/Acer/Documents/EE214/Week8/ClockDivider2/Gates.vhdl Line: 41
    Info (12023): Found entity 2: AND_2 File: C:/Users/Acer/Documents/EE214/Week8/ClockDivider2/Gates.vhdl Line: 53
    Info (12023): Found entity 3: NAND_2 File: C:/Users/Acer/Documents/EE214/Week8/ClockDivider2/Gates.vhdl Line: 64
    Info (12023): Found entity 4: OR_2 File: C:/Users/Acer/Documents/EE214/Week8/ClockDivider2/Gates.vhdl Line: 75
    Info (12023): Found entity 5: NOR_2 File: C:/Users/Acer/Documents/EE214/Week8/ClockDivider2/Gates.vhdl Line: 86
    Info (12023): Found entity 6: XOR_2 File: C:/Users/Acer/Documents/EE214/Week8/ClockDivider2/Gates.vhdl Line: 98
    Info (12023): Found entity 7: XNOR_2 File: C:/Users/Acer/Documents/EE214/Week8/ClockDivider2/Gates.vhdl Line: 109
    Info (12023): Found entity 8: HALF_ADDER File: C:/Users/Acer/Documents/EE214/Week8/ClockDivider2/Gates.vhdl Line: 120
Info (12021): Found 2 design units, including 1 entities, in source file fulldivider.vhd
    Info (12022): Found design unit 1: TwoFiftyHertzClock-bhv File: C:/Users/Acer/Documents/EE214/Week8/ClockDivider2/FullDivider.vhd Line: 11
    Info (12023): Found entity 1: TwoFiftyHertzClock File: C:/Users/Acer/Documents/EE214/Week8/ClockDivider2/FullDivider.vhd Line: 5
Info (12021): Found 2 design units, including 1 entities, in source file dut.vhdl
    Info (12022): Found design unit 1: DUT-DutWrap File: C:/Users/Acer/Documents/EE214/Week8/ClockDivider2/DUT.vhdl Line: 12
    Info (12023): Found entity 1: DUT File: C:/Users/Acer/Documents/EE214/Week8/ClockDivider2/DUT.vhdl Line: 7
Info (12127): Elaborating entity "DUT" for the top level hierarchy
Info (12128): Elaborating entity "HalfHertzClock" for hierarchy "HalfHertzClock:add_instance" File: C:/Users/Acer/Documents/EE214/Week8/ClockDivider2/DUT.vhdl Line: 22
Warning (10492): VHDL Process Statement warning at HalfHertzClock.vhd(23): signal "count" is read inside the Process Statement but isn't in the Process Statement's sensitivity list File: C:/Users/Acer/Documents/EE214/Week8/ClockDivider2/HalfHertzClock.vhd Line: 23
Warning (10492): VHDL Process Statement warning at HalfHertzClock.vhd(24): signal "count" is read inside the Process Statement but isn't in the Process Statement's sensitivity list File: C:/Users/Acer/Documents/EE214/Week8/ClockDivider2/HalfHertzClock.vhd Line: 24
Warning (10492): VHDL Process Statement warning at HalfHertzClock.vhd(25): signal "tempOP" is read inside the Process Statement but isn't in the Process Statement's sensitivity list File: C:/Users/Acer/Documents/EE214/Week8/ClockDivider2/HalfHertzClock.vhd Line: 25
Warning (10631): VHDL Process Statement warning at HalfHertzClock.vhd(17): inferring latch(es) for signal or variable "tempOP", which holds its previous value in one or more paths through the process File: C:/Users/Acer/Documents/EE214/Week8/ClockDivider2/HalfHertzClock.vhd Line: 17
Info (10041): Inferred latch for "tempOP" at HalfHertzClock.vhd(17) File: C:/Users/Acer/Documents/EE214/Week8/ClockDivider2/HalfHertzClock.vhd Line: 17
Info (286030): Timing-Driven Synthesis is running
Info (16010): Generating hard_block partition "hard_block:auto_generated_inst"
    Info (16011): Adding 0 node(s), including 0 DDIO, 0 PLL, 0 transceiver and 0 LCELL
Warning (21074): Design contains 1 input pin(s) that do not drive logic
    Warning (15610): No output dependent on input pin "input_vector[1]" File: C:/Users/Acer/Documents/EE214/Week8/ClockDivider2/DUT.vhdl Line: 8
Info (21057): Implemented 50 device resources after synthesis - the final resource count might be different
    Info (21058): Implemented 2 input pins
    Info (21059): Implemented 1 output pins
    Info (21061): Implemented 47 logic cells
Info: Quartus Prime Analysis & Synthesis was successful. 0 errors, 7 warnings
    Info: Peak virtual memory: 4799 megabytes
    Info: Processing ended: Fri Oct 13 16:33:37 2023
    Info: Elapsed time: 00:00:06
    Info: Total CPU time (on all processors): 00:00:08


